1533554515974	geckodriver	INFO	geckodriver 0.21.0
1533554515978	geckodriver	INFO	Listening on 127.0.0.1:37259
1533554516985	mozrunner::runner	INFO	Running command: "/usr/bin/firefox" "-marionette" "-foreground" "-no-remote" "-profile" "/tmp/rust_mozprofile.HBWhGrEAXGei"
1533554519886	Marionette	INFO	Listening on port 46779
1533554519901	Marionette	WARN	TLS certificate errors will be ignored for this session
Gdk-Message: 14:22:11.919: firefox: Fatal IO error 11 (Resource temporarily unavailable) on X server :1032.

Gdk-Message: 14:22:11.919: /usr/lib/firefox/firefox: Fatal IO error 11 (Resource temporarily unavailable) on X server :1032.

Gdk-Message: 14:22:11.919: /usr/lib/firefox/firefox: Fatal IO error 11 (Resource temporarily unavailable) on X server :1032.

1533555757720	geckodriver	INFO	geckodriver 0.21.0
1533555757739	geckodriver	INFO	Listening on 127.0.0.1:61798
1533555758768	mozrunner::runner	INFO	Running command: "/Applications/Firefox.app/Contents/MacOS/firefox-bin" "-marionette" "-foreground" "-no-remote" "-profile" "/var/folders/tv/_ft5b9tn5ynbjqvq6lrvx9z80000gn/T/rust_mozprofile.sTG05Meo7HmQ"
2018-08-06 14:42:41.916 plugin-container[24849:4019022] *** CFMessagePort: bootstrap_register(): failed 1100 (0x44c) 'Permission denied', port = 0x823f, name = 'com.apple.tsm.portname'
See /usr/include/servers/bootstrap_defs.h for the error codes.
2018-08-06 14:42:42.463 plugin-container[24850:4019048] *** CFMessagePort: bootstrap_register(): failed 1100 (0x44c) 'Permission denied', port = 0x823f, name = 'com.apple.tsm.portname'
See /usr/include/servers/bootstrap_defs.h for the error codes.
1533555762977	Marionette	INFO	Listening on port 61805
1533555763015	Marionette	WARN	TLS certificate errors will be ignored for this session
2018-08-06 14:42:43.977 plugin-container[24855:4019205] *** CFMessagePort: bootstrap_register(): failed 1100 (0x44c) 'Permission denied', port = 0x8d43, name = 'com.apple.tsm.portname'
See /usr/include/servers/bootstrap_defs.h for the error codes.
*** UTM:SVC TimerManager:registerTimer called after profile-before-change notification. Ignoring timer registration for id: telemetry_modules_ping
1533555841604	geckodriver	INFO	geckodriver 0.21.0
1533555841625	geckodriver	INFO	Listening on 127.0.0.1:61863
1533555842633	mozrunner::runner	INFO	Running command: "/Applications/Firefox.app/Contents/MacOS/firefox-bin" "-marionette" "-foreground" "-no-remote" "-profile" "/var/folders/tv/_ft5b9tn5ynbjqvq6lrvx9z80000gn/T/rust_mozprofile.ZVf7FvfN0536"
2018-08-06 14:44:05.507 plugin-container[25037:4021135] *** CFMessagePort: bootstrap_register(): failed 1100 (0x44c) 'Permission denied', port = 0x8a03, name = 'com.apple.tsm.portname'
See /usr/include/servers/bootstrap_defs.h for the error codes.
2018-08-06 14:44:06.131 plugin-container[25038:4021170] *** CFMessagePort: bootstrap_register(): failed 1100 (0x44c) 'Permission denied', port = 0x7903, name = 'com.apple.tsm.portname'
See /usr/include/servers/bootstrap_defs.h for the error codes.
1533555846873	Marionette	INFO	Listening on port 61870
2018-08-06 14:44:06.906 plugin-container[25039:4021258] *** CFMessagePort: bootstrap_register(): failed 1100 (0x44c) 'Permission denied', port = 0x783f, name = 'com.apple.tsm.portname'
See /usr/include/servers/bootstrap_defs.h for the error codes.
1533555846914	Marionette	WARN	TLS certificate errors will be ignored for this session
*** UTM:SVC TimerManager:registerTimer called after profile-before-change notification. Ignoring timer registration for id: telemetry_modules_ping
1533555887537	geckodriver	INFO	geckodriver 0.21.0
1533555887549	geckodriver	INFO	Listening on 127.0.0.1:61922
1533555888560	mozrunner::runner	INFO	Running command: "/Applications/Firefox.app/Contents/MacOS/firefox-bin" "-marionette" "-foreground" "-no-remote" "-profile" "/var/folders/tv/_ft5b9tn5ynbjqvq6lrvx9z80000gn/T/rust_mozprofile.9p3rV4swogwq"
2018-08-06 14:44:51.188 plugin-container[25218:4022543] *** CFMessagePort: bootstrap_register(): failed 1100 (0x44c) 'Permission denied', port = 0x8d43, name = 'com.apple.tsm.portname'
See /usr/include/servers/bootstrap_defs.h for the error codes.
2018-08-06 14:44:51.630 plugin-container[25219:4022567] *** CFMessagePort: bootstrap_register(): failed 1100 (0x44c) 'Permission denied', port = 0x8643, name = 'com.apple.tsm.portname'
See /usr/include/servers/bootstrap_defs.h for the error codes.
1533555892262	Marionette	INFO	Listening on port 61929
1533555892370	Marionette	WARN	TLS certificate errors will be ignored for this session
2018-08-06 14:44:52.653 plugin-container[25220:4022684] *** CFMessagePort: bootstrap_register(): failed 1100 (0x44c) 'Permission denied', port = 0x6d43, name = 'com.apple.tsm.portname'
See /usr/include/servers/bootstrap_defs.h for the error codes.
1533555922448	geckodriver	INFO	geckodriver 0.21.0
1533555922476	geckodriver	INFO	Listening on 127.0.0.1:61981
1533555923451	mozrunner::runner	INFO	Running command: "/Applications/Firefox.app/Contents/MacOS/firefox-bin" "-marionette" "-foreground" "-no-remote" "-profile" "/var/folders/tv/_ft5b9tn5ynbjqvq6lrvx9z80000gn/T/rust_mozprofile.U6JPzXuFAGDx"
2018-08-06 14:45:26.085 plugin-container[25236:4023423] *** CFMessagePort: bootstrap_register(): failed 1100 (0x44c) 'Permission denied', port = 0x8443, name = 'com.apple.tsm.portname'
See /usr/include/servers/bootstrap_defs.h for the error codes.
2018-08-06 14:45:26.803 plugin-container[25237:4023448] *** CFMessagePort: bootstrap_register(): failed 1100 (0x44c) 'Permission denied', port = 0x8643, name = 'com.apple.tsm.portname'
See /usr/include/servers/bootstrap_defs.h for the error codes.
1533555927451	Marionette	INFO	Listening on port 61988
1533555927469	Marionette	WARN	TLS certificate errors will be ignored for this session
2018-08-06 14:45:27.916 plugin-container[25238:4023561] *** CFMessagePort: bootstrap_register(): failed 1100 (0x44c) 'Permission denied', port = 0x8b47, name = 'com.apple.tsm.portname'
See /usr/include/servers/bootstrap_defs.h for the error codes.
JavaScript warning: https://vktarget.ru/js/vendor/jquery-1.11.3.min.js, line 1: Using //@ to indicate sourceMappingURL pragmas is deprecated. Use //# instead
JavaScript warning: https://vktarget.ru/js/vendor/jquery-1.11.3.min.js, line 1: Using //@ to indicate sourceMappingURL pragmas is deprecated. Use //# instead
2018-08-06 14:46:17.251 plugin-container[25248:4024605] *** CFMessagePort: bootstrap_register(): failed 1100 (0x44c) 'Permission denied', port = 0x8907, name = 'com.apple.tsm.portname'
See /usr/include/servers/bootstrap_defs.h for the error codes.
1533556050096	geckodriver	INFO	geckodriver 0.21.0
1533556050116	geckodriver	INFO	Listening on 127.0.0.1:62108
1533556051119	mozrunner::runner	INFO	Running command: "/Applications/Firefox.app/Contents/MacOS/firefox-bin" "-marionette" "-foreground" "-no-remote" "-profile" "/var/folders/tv/_ft5b9tn5ynbjqvq6lrvx9z80000gn/T/rust_mozprofile.5gEcMZHdYWlI"
2018-08-06 14:47:33.790 plugin-container[25263:4025981] *** CFMessagePort: bootstrap_register(): failed 1100 (0x44c) 'Permission denied', port = 0x8143, name = 'com.apple.tsm.portname'
See /usr/include/servers/bootstrap_defs.h for the error codes.
2018-08-06 14:47:34.253 plugin-container[25264:4026012] *** CFMessagePort: bootstrap_register(): failed 1100 (0x44c) 'Permission denied', port = 0x863f, name = 'com.apple.tsm.portname'
See /usr/include/servers/bootstrap_defs.h for the error codes.
1533556054831	Marionette	INFO	Listening on port 62115
2018-08-06 14:47:34.833 plugin-container[25265:4026089] *** CFMessagePort: bootstrap_register(): failed 1100 (0x44c) 'Permission denied', port = 0x783f, name = 'com.apple.tsm.portname'
See /usr/include/servers/bootstrap_defs.h for the error codes.
1533556054940	Marionette	WARN	TLS certificate errors will be ignored for this session
JavaScript warning: https://vktarget.ru/js/vendor/jquery-1.11.3.min.js, line 1: Using //@ to indicate sourceMappingURL pragmas is deprecated. Use //# instead
JavaScript warning: https://vktarget.ru/js/vendor/jquery-1.11.3.min.js, line 1: Using //@ to indicate sourceMappingURL pragmas is deprecated. Use //# instead
JavaScript warning: https://vktarget.ru/js/vendor/jquery-1.11.3.min.js, line 1: Using //@ to indicate sourceMappingURL pragmas is deprecated. Use //# instead
1533556162306	geckodriver	INFO	geckodriver 0.21.0
1533556162327	geckodriver	INFO	Listening on 127.0.0.1:62268
1533556163337	mozrunner::runner	INFO	Running command: "/Applications/Firefox.app/Contents/MacOS/firefox-bin" "-marionette" "-foreground" "-no-remote" "-profile" "/var/folders/tv/_ft5b9tn5ynbjqvq6lrvx9z80000gn/T/rust_mozprofile.BEj2o0BmfQzT"
2018-08-06 14:49:26.257 plugin-container[25445:4029078] *** CFMessagePort: bootstrap_register(): failed 1100 (0x44c) 'Permission denied', port = 0x8907, name = 'com.apple.tsm.portname'
See /usr/include/servers/bootstrap_defs.h for the error codes.
2018-08-06 14:49:26.836 plugin-container[25446:4029104] *** CFMessagePort: bootstrap_register(): failed 1100 (0x44c) 'Permission denied', port = 0x8403, name = 'com.apple.tsm.portname'
See /usr/include/servers/bootstrap_defs.h for the error codes.
1533556167379	Marionette	INFO	Listening on port 62275
1533556167450	Marionette	WARN	TLS certificate errors will be ignored for this session
2018-08-06 14:49:27.904 plugin-container[25447:4029207] *** CFMessagePort: bootstrap_register(): failed 1100 (0x44c) 'Permission denied', port = 0x8033, name = 'com.apple.tsm.portname'
See /usr/include/servers/bootstrap_defs.h for the error codes.
JavaScript warning: https://vktarget.ru/js/vendor/jquery-1.11.3.min.js, line 1: Using //@ to indicate sourceMappingURL pragmas is deprecated. Use //# instead
JavaScript warning: https://vktarget.ru/js/vendor/jquery-1.11.3.min.js, line 1: Using //@ to indicate sourceMappingURL pragmas is deprecated. Use //# instead
1533556211204	geckodriver	INFO	geckodriver 0.21.0
1533556211225	geckodriver	INFO	Listening on 127.0.0.1:62367
1533556212226	mozrunner::runner	INFO	Running command: "/Applications/Firefox.app/Contents/MacOS/firefox-bin" "-marionette" "-foreground" "-no-remote" "-profile" "/var/folders/tv/_ft5b9tn5ynbjqvq6lrvx9z80000gn/T/rust_mozprofile.01yV2Ewwi03X"
2018-08-06 14:50:15.478 plugin-container[25460:4030797] *** CFMessagePort: bootstrap_register(): failed 1100 (0x44c) 'Permission denied', port = 0x7443, name = 'com.apple.tsm.portname'
See /usr/include/servers/bootstrap_defs.h for the error codes.
2018-08-06 14:50:16.093 plugin-container[25461:4030880] *** CFMessagePort: bootstrap_register(): failed 1100 (0x44c) 'Permission denied', port = 0x7a47, name = 'com.apple.tsm.portname'
See /usr/include/servers/bootstrap_defs.h for the error codes.
1533556216596	Marionette	INFO	Listening on port 62374
1533556216685	Marionette	WARN	TLS certificate errors will be ignored for this session
2018-08-06 14:50:16.878 plugin-container[25462:4030982] *** CFMessagePort: bootstrap_register(): failed 1100 (0x44c) 'Permission denied', port = 0x6f0b, name = 'com.apple.tsm.portname'
See /usr/include/servers/bootstrap_defs.h for the error codes.
JavaScript warning: https://vktarget.ru/js/vendor/jquery-1.11.3.min.js, line 1: Using //@ to indicate sourceMappingURL pragmas is deprecated. Use //# instead
JavaScript warning: https://vktarget.ru/js/vendor/jquery-1.11.3.min.js, line 1: Using //@ to indicate sourceMappingURL pragmas is deprecated. Use //# instead
JavaScript error: resource://devtools/client/jsonview/converter-observer.js, line 74: NS_ERROR_NOT_AVAILABLE: Component returned failure code: 0x80040111 (NS_ERROR_NOT_AVAILABLE) [nsIChannel.contentType]

###!!! [Child][RunMessage] Error: Channel closing: too late to send/recv, messages will be lost

*** UTM:SVC TimerManager:registerTimer called after profile-before-change notification. Ignoring timer registration for id: telemetry_modules_ping
1533556294241	geckodriver	INFO	geckodriver 0.21.0
1533556294261	geckodriver	INFO	Listening on 127.0.0.1:62500
1533556295254	mozrunner::runner	INFO	Running command: "/Applications/Firefox.app/Contents/MacOS/firefox-bin" "-marionette" "-foreground" "-no-remote" "-profile" "/var/folders/tv/_ft5b9tn5ynbjqvq6lrvx9z80000gn/T/rust_mozprofile.zXhVLYGoIxEW"
2018-08-06 14:51:37.884 plugin-container[25481:4033494] *** CFMessagePort: bootstrap_register(): failed 1100 (0x44c) 'Permission denied', port = 0x7e37, name = 'com.apple.tsm.portname'
See /usr/include/servers/bootstrap_defs.h for the error codes.
2018-08-06 14:51:38.247 plugin-container[25482:4033519] *** CFMessagePort: bootstrap_register(): failed 1100 (0x44c) 'Permission denied', port = 0x873f, name = 'com.apple.tsm.portname'
See /usr/include/servers/bootstrap_defs.h for the error codes.
1533556298688	Marionette	INFO	Listening on port 62507
1533556298723	Marionette	WARN	TLS certificate errors will be ignored for this session
2018-08-06 14:51:39.898 plugin-container[25487:4033671] *** CFMessagePort: bootstrap_register(): failed 1100 (0x44c) 'Permission denied', port = 0x7643, name = 'com.apple.tsm.portname'
See /usr/include/servers/bootstrap_defs.h for the error codes.
[Parent 25480, Gecko_IOThread] WARNING: pipe error: Broken pipe: file /builds/worker/workspace/build/src/ipc/chromium/src/chrome/common/ipc_channel_posix.cc, line 709
*** UTM:SVC TimerManager:registerTimer called after profile-before-change notification. Ignoring timer registration for id: telemetry_modules_ping
1533557277762	geckodriver	INFO	geckodriver 0.21.0
1533557277781	geckodriver	INFO	Listening on 127.0.0.1:62635
1533557278781	mozrunner::runner	INFO	Running command: "/Applications/Firefox.app/Contents/MacOS/firefox-bin" "-marionette" "-foreground" "-no-remote" "-profile" "/var/folders/tv/_ft5b9tn5ynbjqvq6lrvx9z80000gn/T/rust_mozprofile.vEseaRpsjr2B"
2018-08-06 15:08:02.260 plugin-container[25518:4044976] *** CFMessagePort: bootstrap_register(): failed 1100 (0x44c) 'Permission denied', port = 0x7b0b, name = 'com.apple.tsm.portname'
See /usr/include/servers/bootstrap_defs.h for the error codes.
2018-08-06 15:08:02.798 plugin-container[25519:4045026] *** CFMessagePort: bootstrap_register(): failed 1100 (0x44c) 'Permission denied', port = 0x7843, name = 'com.apple.tsm.portname'
See /usr/include/servers/bootstrap_defs.h for the error codes.
1533557283387	Marionette	INFO	Listening on port 62642
1533557283440	Marionette	WARN	TLS certificate errors will be ignored for this session
2018-08-06 15:08:03.866 plugin-container[25520:4045147] *** CFMessagePort: bootstrap_register(): failed 1100 (0x44c) 'Permission denied', port = 0x7a43, name = 'com.apple.tsm.portname'
See /usr/include/servers/bootstrap_defs.h for the error codes.
JavaScript warning: https://vktarget.ru/js/vendor/jquery-1.11.3.min.js, line 1: Using //@ to indicate sourceMappingURL pragmas is deprecated. Use //# instead
JavaScript warning: https://vktarget.ru/js/vendor/jquery-1.11.3.min.js, line 1: Using //@ to indicate sourceMappingURL pragmas is deprecated. Use //# instead
JavaScript warning: https://vktarget.ru/js/vendor/jquery-1.11.3.min.js, line 1: Using //@ to indicate sourceMappingURL pragmas is deprecated. Use //# instead
JavaScript warning: https://vktarget.ru/js/vendor/jquery-1.11.3.min.js, line 1: Using //@ to indicate sourceMappingURL pragmas is deprecated. Use //# instead
1533557336810	geckodriver	INFO	geckodriver 0.21.0
1533557336830	geckodriver	INFO	Listening on 127.0.0.1:62778
1533557337828	mozrunner::runner	INFO	Running command: "/Applications/Firefox.app/Contents/MacOS/firefox-bin" "-marionette" "-foreground" "-no-remote" "-profile" "/var/folders/tv/_ft5b9tn5ynbjqvq6lrvx9z80000gn/T/rust_mozprofile.qnvO13muGexI"
2018-08-06 15:09:00.699 plugin-container[25695:4047367] *** CFMessagePort: bootstrap_register(): failed 1100 (0x44c) 'Permission denied', port = 0x7b0f, name = 'com.apple.tsm.portname'
See /usr/include/servers/bootstrap_defs.h for the error codes.
2018-08-06 15:09:01.344 plugin-container[25696:4047400] *** CFMessagePort: bootstrap_register(): failed 1100 (0x44c) 'Permission denied', port = 0x7647, name = 'com.apple.tsm.portname'
See /usr/include/servers/bootstrap_defs.h for the error codes.
1533557341965	Marionette	INFO	Listening on port 62785
1533557342052	Marionette	WARN	TLS certificate errors will be ignored for this session
2018-08-06 15:09:02.228 plugin-container[25697:4047504] *** CFMessagePort: bootstrap_register(): failed 1100 (0x44c) 'Permission denied', port = 0x7807, name = 'com.apple.tsm.portname'
See /usr/include/servers/bootstrap_defs.h for the error codes.
JavaScript warning: https://vktarget.ru/js/vendor/jquery-1.11.3.min.js, line 1: Using //@ to indicate sourceMappingURL pragmas is deprecated. Use //# instead
JavaScript warning: https://vktarget.ru/js/vendor/jquery-1.11.3.min.js, line 1: Using //@ to indicate sourceMappingURL pragmas is deprecated. Use //# instead
JavaScript warning: https://vktarget.ru/js/vendor/jquery-1.11.3.min.js, line 1: Using //@ to indicate sourceMappingURL pragmas is deprecated. Use //# instead
JavaScript error: resource://devtools/shared/base-loader.js -> resource://devtools/server/actors/highlighters/box-model.js, line 416: TypeError: quads is undefined
console.error: "Got a removal of an actor we didn't know about: server1.conn0.child1/domnode290"
JavaScript error: resource://devtools/shared/base-loader.js -> resource://devtools/server/actors/highlighters/box-model.js, line 416: TypeError: quads is undefined
console.error: "Got a removal of an actor we didn't know about: server1.conn0.child1/domnode317"
JavaScript error: resource://devtools/shared/base-loader.js -> resource://devtools/server/actors/highlighters/box-model.js, line 416: TypeError: quads is undefined
console.error: "Got a removal of an actor we didn't know about: server1.conn0.child1/domnode446"
console.error: "Got a removal of an actor we didn't know about: server1.conn0.child1/domnode575"
console.error: "Got a removal of an actor we didn't know about: server1.conn0.child1/domnode702"
console.error: "Got a removal of an actor we didn't know about: server1.conn0.child1/domnode830"
console.error: "Got a removal of an actor we didn't know about: server1.conn0.child1/domnode955"
console.error: "Got a removal of an actor we didn't know about: server1.conn0.child1/domnode1081"
2018-08-06 15:21:42.992 plugin-container[25709:4056960] *** CFMessagePort: bootstrap_register(): failed 1100 (0x44c) 'Permission denied', port = 0x794b, name = 'com.apple.tsm.portname'
See /usr/include/servers/bootstrap_defs.h for the error codes.

###!!! [Child][RunMessage] Error: Channel closing: too late to send/recv, messages will be lost

JavaScript warning: https://vktarget.ru/js/vendor/jquery-1.11.3.min.js, line 1: Using //@ to indicate sourceMappingURL pragmas is deprecated. Use //# instead
Handler function DebuggerProgressListener.prototype.onStateChange threw an exception: [Exception... "Component returned failure code: 0x80004002 (NS_NOINTERFACE) [nsIWebProgress.DOMWindow]"  nsresult: "0x80004002 (NS_NOINTERFACE)"  location: "JS frame :: resource://devtools/shared/base-loader.js -> resource://devtools/server/actors/tab.js :: _docShellToWindow :: line 781"  data: no]
Stack: _docShellToWindow@resource://devtools/shared/base-loader.js -> resource://devtools/server/actors/tab.js:781:9
_docShellsToWindows/<@resource://devtools/shared/base-loader.js -> resource://devtools/server/actors/tab.js:805:38
_docShellsToWindows@resource://devtools/shared/base-loader.js -> resource://devtools/server/actors/tab.js:805:12
_notifyDocShellsUpdate@resource://devtools/shared/base-loader.js -> resource://devtools/server/actors/tab.js:809:19
DebuggerProgressListener.prototype.onStateChange<@resource://devtools/shared/base-loader.js -> resource://devtools/server/actors/tab.js:1664:7
exports.makeInfallible/<@resource://devtools/shared/base-loader.js -> resource://devtools/shared/ThreadSafeDevToolsUtils.js:109:14
Line: 781, column: 0
console.error: "Handler function DebuggerProgressListener.prototype.onStateChange threw an exception: [Exception... \"Component returned failure code: 0x80004002 (NS_NOINTERFACE) [nsIWebProgress.DOMWindow]\"  nsresult: \"0x80004002 (NS_NOINTERFACE)\"  location: \"JS frame :: resource://devtools/shared/base-loader.js -> resource://devtools/server/actors/tab.js :: _docShellToWindow :: line 781\"  data: no]\nStack: _docShellToWindow@resource://devtools/shared/base-loader.js -> resource://devtools/server/actors/tab.js:781:9\n_docShellsToWindows/<@resource://devtools/shared/base-loader.js -> resource://devtools/server/actors/tab.js:805:38\n_docShellsToWindows@resource://devtools/shared/base-loader.js -> resource://devtools/server/actors/tab.js:805:12\n_notifyDocShellsUpdate@resource://devtools/shared/base-loader.js -> resource://devtools/server/actors/tab.js:809:19\nDebuggerProgressListener.prototype.onStateChange<@resource://devtools/shared/base-loader.js -> resource://devtools/server/actors/tab.js:1664:7\nexports.makeInfallible/<@resource://devtools/shared/base-loader.js -> resource://devtools/shared/ThreadSafeDevToolsUtils.js:109:14\nLine: 781, column: 0"
Handler function DebuggerProgressListener.prototype.onStateChange threw an exception: [Exception... "Component returned failure code: 0x80004002 (NS_NOINTERFACE) [nsIWebProgress.DOMWindow]"  nsresult: "0x80004002 (NS_NOINTERFACE)"  location: "JS frame :: resource://devtools/shared/base-loader.js -> resource://devtools/server/actors/tab.js :: DebuggerProgressListener.prototype.onStateChange< :: line 1667"  data: no]
Stack: DebuggerProgressListener.prototype.onStateChange<@resource://devtools/shared/base-loader.js -> resource://devtools/server/actors/tab.js:1667:9
exports.makeInfallible/<@resource://devtools/shared/base-loader.js -> resource://devtools/shared/ThreadSafeDevToolsUtils.js:109:14
Line: 1667, column: 0
console.error: "Handler function DebuggerProgressListener.prototype.onStateChange threw an exception: [Exception... \"Component returned failure code: 0x80004002 (NS_NOINTERFACE) [nsIWebProgress.DOMWindow]\"  nsresult: \"0x80004002 (NS_NOINTERFACE)\"  location: \"JS frame :: resource://devtools/shared/base-loader.js -> resource://devtools/server/actors/tab.js :: DebuggerProgressListener.prototype.onStateChange< :: line 1667\"  data: no]\nStack: DebuggerProgressListener.prototype.onStateChange<@resource://devtools/shared/base-loader.js -> resource://devtools/server/actors/tab.js:1667:9\nexports.makeInfallible/<@resource://devtools/shared/base-loader.js -> resource://devtools/shared/ThreadSafeDevToolsUtils.js:109:14\nLine: 1667, column: 0"
Handler function DebuggerProgressListener.prototype.onStateChange threw an exception: [Exception... "Component returned failure code: 0x80004002 (NS_NOINTERFACE) [nsIWebProgress.DOMWindow]"  nsresult: "0x80004002 (NS_NOINTERFACE)"  location: "JS frame :: resource://devtools/shared/base-loader.js -> resource://devtools/server/actors/tab.js :: _docShellToWindow :: line 781"  data: no]
Stack: _docShellToWindow@resource://devtools/shared/base-loader.js -> resource://devtools/server/actors/tab.js:781:9
_docShellsToWindows/<@resource://devtools/shared/base-loader.js -> resource://devtools/server/actors/tab.js:805:38
_docShellsToWindows@resource://devtools/shared/base-loader.js -> resource://devtools/server/actors/tab.js:805:12
_notifyDocShellsUpdate@resource://devtools/shared/base-loader.js -> resource://devtools/server/actors/tab.js:809:19
DebuggerProgressListener.prototype.onStateChange<@resource://devtools/shared/base-loader.js -> resource://devtools/server/actors/tab.js:1664:7
exports.makeInfallible/<@resource://devtools/shared/base-loader.js -> resource://devtools/shared/ThreadSafeDevToolsUtils.js:109:14
Line: 781, column: 0
console.error: "Handler function DebuggerProgressListener.prototype.onStateChange threw an exception: [Exception... \"Component returned failure code: 0x80004002 (NS_NOINTERFACE) [nsIWebProgress.DOMWindow]\"  nsresult: \"0x80004002 (NS_NOINTERFACE)\"  location: \"JS frame :: resource://devtools/shared/base-loader.js -> resource://devtools/server/actors/tab.js :: _docShellToWindow :: line 781\"  data: no]\nStack: _docShellToWindow@resource://devtools/shared/base-loader.js -> resource://devtools/server/actors/tab.js:781:9\n_docShellsToWindows/<@resource://devtools/shared/base-loader.js -> resource://devtools/server/actors/tab.js:805:38\n_docShellsToWindows@resource://devtools/shared/base-loader.js -> resource://devtools/server/actors/tab.js:805:12\n_notifyDocShellsUpdate@resource://devtools/shared/base-loader.js -> resource://devtools/server/actors/tab.js:809:19\nDebuggerProgressListener.prototype.onStateChange<@resource://devtools/shared/base-loader.js -> resource://devtools/server/actors/tab.js:1664:7\nexports.makeInfallible/<@resource://devtools/shared/base-loader.js -> resource://devtools/shared/ThreadSafeDevToolsUtils.js:109:14\nLine: 781, column: 0"
Handler function DebuggerProgressListener.prototype.onStateChange threw an exception: [Exception... "Component returned failure code: 0x80004002 (NS_NOINTERFACE) [nsIWebProgress.DOMWindow]"  nsresult: "0x80004002 (NS_NOINTERFACE)"  location: "JS frame :: resource://devtools/shared/base-loader.js -> resource://devtools/server/actors/tab.js :: DebuggerProgressListener.prototype.onStateChange< :: line 1667"  data: no]
Stack: DebuggerProgressListener.prototype.onStateChange<@resource://devtools/shared/base-loader.js -> resource://devtools/server/actors/tab.js:1667:9
exports.makeInfallible/<@resource://devtools/shared/base-loader.js -> resource://devtools/shared/ThreadSafeDevToolsUtils.js:109:14
Line: 1667, column: 0
console.error: "Handler function DebuggerProgressListener.prototype.onStateChange threw an exception: [Exception... \"Component returned failure code: 0x80004002 (NS_NOINTERFACE) [nsIWebProgress.DOMWindow]\"  nsresult: \"0x80004002 (NS_NOINTERFACE)\"  location: \"JS frame :: resource://devtools/shared/base-loader.js -> resource://devtools/server/actors/tab.js :: DebuggerProgressListener.prototype.onStateChange< :: line 1667\"  data: no]\nStack: DebuggerProgressListener.prototype.onStateChange<@resource://devtools/shared/base-loader.js -> resource://devtools/server/actors/tab.js:1667:9\nexports.makeInfallible/<@resource://devtools/shared/base-loader.js -> resource://devtools/shared/ThreadSafeDevToolsUtils.js:109:14\nLine: 1667, column: 0"
JavaScript error: resource://devtools/shared/base-loader.js -> resource://devtools/server/actors/highlighters/box-model.js, line 416: TypeError: quads is undefined
JavaScript error: resource://devtools/shared/base-loader.js -> resource://devtools/server/actors/highlighters/box-model.js, line 416: TypeError: quads is undefined
JavaScript warning: https://vktarget.ru/js/vendor/jquery-1.11.3.min.js, line 1: Using //@ to indicate sourceMappingURL pragmas is deprecated. Use //# instead
[Parent 25694, Gecko_IOThread] WARNING: pipe error: Broken pipe: file /builds/worker/workspace/build/src/ipc/chromium/src/chrome/common/ipc_channel_posix.cc, line 709
Handler function DebuggerProgressListener.prototype.onStateChange threw an exception: [Exception... "Component returned failure code: 0x80004002 (NS_NOINTERFACE) [nsIWebProgress.DOMWindow]"  nsresult: "0x80004002 (NS_NOINTERFACE)"  location: "JS frame :: resource://devtools/shared/base-loader.js -> resource://devtools/server/actors/tab.js :: _docShellToWindow :: line 781"  data: no]
Stack: _docShellToWindow@resource://devtools/shared/base-loader.js -> resource://devtools/server/actors/tab.js:781:9
_docShellsToWindows/<@resource://devtools/shared/base-loader.js -> resource://devtools/server/actors/tab.js:805:38
_docShellsToWindows@resource://devtools/shared/base-loader.js -> resource://devtools/server/actors/tab.js:805:12
_notifyDocShellsUpdate@resource://devtools/shared/base-loader.js -> resource://devtools/server/actors/tab.js:809:19
DebuggerProgressListener.prototype.onStateChange<@resource://devtools/shared/base-loader.js -> resource://devtools/server/actors/tab.js:1664:7
exports.makeInfallible/<@resource://devtools/shared/base-loader.js -> resource://devtools/shared/ThreadSafeDevToolsUtils.js:109:14
Line: 781, column: 0
console.error: "Handler function DebuggerProgressListener.prototype.onStateChange threw an exception: [Exception... \"Component returned failure code: 0x80004002 (NS_NOINTERFACE) [nsIWebProgress.DOMWindow]\"  nsresult: \"0x80004002 (NS_NOINTERFACE)\"  location: \"JS frame :: resource://devtools/shared/base-loader.js -> resource://devtools/server/actors/tab.js :: _docShellToWindow :: line 781\"  data: no]\nStack: _docShellToWindow@resource://devtools/shared/base-loader.js -> resource://devtools/server/actors/tab.js:781:9\n_docShellsToWindows/<@resource://devtools/shared/base-loader.js -> resource://devtools/server/actors/tab.js:805:38\n_docShellsToWindows@resource://devtools/shared/base-loader.js -> resource://devtools/server/actors/tab.js:805:12\n_notifyDocShellsUpdate@resource://devtools/shared/base-loader.js -> resource://devtools/server/actors/tab.js:809:19\nDebuggerProgressListener.prototype.onStateChange<@resource://devtools/shared/base-loader.js -> resource://devtools/server/actors/tab.js:1664:7\nexports.makeInfallible/<@resource://devtools/shared/base-loader.js -> resource://devtools/shared/ThreadSafeDevToolsUtils.js:109:14\nLine: 781, column: 0"
Handler function DebuggerProgressListener.prototype.onStateChange threw an exception: [Exception... "Component returned failure code: 0x80004002 (NS_NOINTERFACE) [nsIWebProgress.DOMWindow]"  nsresult: "0x80004002 (NS_NOINTERFACE)"  location: "JS frame :: resource://devtools/shared/base-loader.js -> resource://devtools/server/actors/tab.js :: DebuggerProgressListener.prototype.onStateChange< :: line 1667"  data: no]
Stack: DebuggerProgressListener.prototype.onStateChange<@resource://devtools/shared/base-loader.js -> resource://devtools/server/actors/tab.js:1667:9
exports.makeInfallible/<@resource://devtools/shared/base-loader.js -> resource://devtools/shared/ThreadSafeDevToolsUtils.js:109:14
Line: 1667, column: 0
console.error: "Handler function DebuggerProgressListener.prototype.onStateChange threw an exception: [Exception... \"Component returned failure code: 0x80004002 (NS_NOINTERFACE) [nsIWebProgress.DOMWindow]\"  nsresult: \"0x80004002 (NS_NOINTERFACE)\"  location: \"JS frame :: resource://devtools/shared/base-loader.js -> resource://devtools/server/actors/tab.js :: DebuggerProgressListener.prototype.onStateChange< :: line 1667\"  data: no]\nStack: DebuggerProgressListener.prototype.onStateChange<@resource://devtools/shared/base-loader.js -> resource://devtools/server/actors/tab.js:1667:9\nexports.makeInfallible/<@resource://devtools/shared/base-loader.js -> resource://devtools/shared/ThreadSafeDevToolsUtils.js:109:14\nLine: 1667, column: 0"
JavaScript error: resource://devtools/shared/base-loader.js -> resource://devtools/server/actors/highlighters/box-model.js, line 416: TypeError: quads is undefined
JavaScript warning: https://vktarget.ru/js/vendor/jquery-1.11.3.min.js, line 1: Using //@ to indicate sourceMappingURL pragmas is deprecated. Use //# instead
Handler function DebuggerProgressListener.prototype.onStateChange threw an exception: [Exception... "Component returned failure code: 0x80004002 (NS_NOINTERFACE) [nsIWebProgress.DOMWindow]"  nsresult: "0x80004002 (NS_NOINTERFACE)"  location: "JS frame :: resource://devtools/shared/base-loader.js -> resource://devtools/server/actors/tab.js :: _docShellToWindow :: line 781"  data: no]
Stack: _docShellToWindow@resource://devtools/shared/base-loader.js -> resource://devtools/server/actors/tab.js:781:9
_docShellsToWindows/<@resource://devtools/shared/base-loader.js -> resource://devtools/server/actors/tab.js:805:38
_docShellsToWindows@resource://devtools/shared/base-loader.js -> resource://devtools/server/actors/tab.js:805:12
_notifyDocShellsUpdate@resource://devtools/shared/base-loader.js -> resource://devtools/server/actors/tab.js:809:19
DebuggerProgressListener.prototype.onStateChange<@resource://devtools/shared/base-loader.js -> resource://devtools/server/actors/tab.js:1664:7
exports.makeInfallible/<@resource://devtools/shared/base-loader.js -> resource://devtools/shared/ThreadSafeDevToolsUtils.js:109:14
Line: 781, column: 0
console.error: "Handler function DebuggerProgressListener.prototype.onStateChange threw an exception: [Exception... \"Component returned failure code: 0x80004002 (NS_NOINTERFACE) [nsIWebProgress.DOMWindow]\"  nsresult: \"0x80004002 (NS_NOINTERFACE)\"  location: \"JS frame :: resource://devtools/shared/base-loader.js -> resource://devtools/server/actors/tab.js :: _docShellToWindow :: line 781\"  data: no]\nStack: _docShellToWindow@resource://devtools/shared/base-loader.js -> resource://devtools/server/actors/tab.js:781:9\n_docShellsToWindows/<@resource://devtools/shared/base-loader.js -> resource://devtools/server/actors/tab.js:805:38\n_docShellsToWindows@resource://devtools/shared/base-loader.js -> resource://devtools/server/actors/tab.js:805:12\n_notifyDocShellsUpdate@resource://devtools/shared/base-loader.js -> resource://devtools/server/actors/tab.js:809:19\nDebuggerProgressListener.prototype.onStateChange<@resource://devtools/shared/base-loader.js -> resource://devtools/server/actors/tab.js:1664:7\nexports.makeInfallible/<@resource://devtools/shared/base-loader.js -> resource://devtools/shared/ThreadSafeDevToolsUtils.js:109:14\nLine: 781, column: 0"
Handler function DebuggerProgressListener.prototype.onStateChange threw an exception: [Exception... "Component returned failure code: 0x80004002 (NS_NOINTERFACE) [nsIWebProgress.DOMWindow]"  nsresult: "0x80004002 (NS_NOINTERFACE)"  location: "JS frame :: resource://devtools/shared/base-loader.js -> resource://devtools/server/actors/tab.js :: DebuggerProgressListener.prototype.onStateChange< :: line 1667"  data: no]
Stack: DebuggerProgressListener.prototype.onStateChange<@resource://devtools/shared/base-loader.js -> resource://devtools/server/actors/tab.js:1667:9
exports.makeInfallible/<@resource://devtools/shared/base-loader.js -> resource://devtools/shared/ThreadSafeDevToolsUtils.js:109:14
Line: 1667, column: 0
console.error: "Handler function DebuggerProgressListener.prototype.onStateChange threw an exception: [Exception... \"Component returned failure code: 0x80004002 (NS_NOINTERFACE) [nsIWebProgress.DOMWindow]\"  nsresult: \"0x80004002 (NS_NOINTERFACE)\"  location: \"JS frame :: resource://devtools/shared/base-loader.js -> resource://devtools/server/actors/tab.js :: DebuggerProgressListener.prototype.onStateChange< :: line 1667\"  data: no]\nStack: DebuggerProgressListener.prototype.onStateChange<@resource://devtools/shared/base-loader.js -> resource://devtools/server/actors/tab.js:1667:9\nexports.makeInfallible/<@resource://devtools/shared/base-loader.js -> resource://devtools/shared/ThreadSafeDevToolsUtils.js:109:14\nLine: 1667, column: 0"
Handler function DebuggerProgressListener.prototype.onStateChange threw an exception: [Exception... "Component returned failure code: 0x80004002 (NS_NOINTERFACE) [nsIWebProgress.DOMWindow]"  nsresult: "0x80004002 (NS_NOINTERFACE)"  location: "JS frame :: resource://devtools/shared/base-loader.js -> resource://devtools/server/actors/tab.js :: _docShellToWindow :: line 781"  data: no]
Stack: _docShellToWindow@resource://devtools/shared/base-loader.js -> resource://devtools/server/actors/tab.js:781:9
_docShellsToWindows/<@resource://devtools/shared/base-loader.js -> resource://devtools/server/actors/tab.js:805:38
_docShellsToWindows@resource://devtools/shared/base-loader.js -> resource://devtools/server/actors/tab.js:805:12
_notifyDocShellsUpdate@resource://devtools/shared/base-loader.js -> resource://devtools/server/actors/tab.js:809:19
DebuggerProgressListener.prototype.onStateChange<@resource://devtools/shared/base-loader.js -> resource://devtools/server/actors/tab.js:1664:7
exports.makeInfallible/<@resource://devtools/shared/base-loader.js -> resource://devtools/shared/ThreadSafeDevToolsUtils.js:109:14
Line: 781, column: 0
console.error: "Handler function DebuggerProgressListener.prototype.onStateChange threw an exception: [Exception... \"Component returned failure code: 0x80004002 (NS_NOINTERFACE) [nsIWebProgress.DOMWindow]\"  nsresult: \"0x80004002 (NS_NOINTERFACE)\"  location: \"JS frame :: resource://devtools/shared/base-loader.js -> resource://devtools/server/actors/tab.js :: _docShellToWindow :: line 781\"  data: no]\nStack: _docShellToWindow@resource://devtools/shared/base-loader.js -> resource://devtools/server/actors/tab.js:781:9\n_docShellsToWindows/<@resource://devtools/shared/base-loader.js -> resource://devtools/server/actors/tab.js:805:38\n_docShellsToWindows@resource://devtools/shared/base-loader.js -> resource://devtools/server/actors/tab.js:805:12\n_notifyDocShellsUpdate@resource://devtools/shared/base-loader.js -> resource://devtools/server/actors/tab.js:809:19\nDebuggerProgressListener.prototype.onStateChange<@resource://devtools/shared/base-loader.js -> resource://devtools/server/actors/tab.js:1664:7\nexports.makeInfallible/<@resource://devtools/shared/base-loader.js -> resource://devtools/shared/ThreadSafeDevToolsUtils.js:109:14\nLine: 781, column: 0"
Handler function DebuggerProgressListener.prototype.onStateChange threw an exception: [Exception... "Component returned failure code: 0x80004002 (NS_NOINTERFACE) [nsIWebProgress.DOMWindow]"  nsresult: "0x80004002 (NS_NOINTERFACE)"  location: "JS frame :: resource://devtools/shared/base-loader.js -> resource://devtools/server/actors/tab.js :: DebuggerProgressListener.prototype.onStateChange< :: line 1667"  data: no]
Stack: DebuggerProgressListener.prototype.onStateChange<@resource://devtools/shared/base-loader.js -> resource://devtools/server/actors/tab.js:1667:9
exports.makeInfallible/<@resource://devtools/shared/base-loader.js -> resource://devtools/shared/ThreadSafeDevToolsUtils.js:109:14
Line: 1667, column: 0
console.error: "Handler function DebuggerProgressListener.prototype.onStateChange threw an exception: [Exception... \"Component returned failure code: 0x80004002 (NS_NOINTERFACE) [nsIWebProgress.DOMWindow]\"  nsresult: \"0x80004002 (NS_NOINTERFACE)\"  location: \"JS frame :: resource://devtools/shared/base-loader.js -> resource://devtools/server/actors/tab.js :: DebuggerProgressListener.prototype.onStateChange< :: line 1667\"  data: no]\nStack: DebuggerProgressListener.prototype.onStateChange<@resource://devtools/shared/base-loader.js -> resource://devtools/server/actors/tab.js:1667:9\nexports.makeInfallible/<@resource://devtools/shared/base-loader.js -> resource://devtools/shared/ThreadSafeDevToolsUtils.js:109:14\nLine: 1667, column: 0"
JavaScript warning: https://vktarget.ru/js/vendor/jquery-1.11.3.min.js, line 1: Using //@ to indicate sourceMappingURL pragmas is deprecated. Use //# instead
2018-08-06 15:29:22.203 plugin-container[25712:4062859] *** CFMessagePort: bootstrap_register(): failed 1100 (0x44c) 'Permission denied', port = 0x8843, name = 'com.apple.tsm.portname'
See /usr/include/servers/bootstrap_defs.h for the error codes.
JavaScript warning: https://vktarget.ru/js/vendor/jquery-1.11.3.min.js, line 1: Using //@ to indicate sourceMappingURL pragmas is deprecated. Use //# instead
JavaScript warning: https://vktarget.ru/js/vendor/jquery-1.11.3.min.js, line 1: Using //@ to indicate sourceMappingURL pragmas is deprecated. Use //# instead
JavaScript error: jar:file:///Applications/Firefox.app/Contents/Resources/browser/omni.ja!/components/nsBrowserGlue.js, line 2874: NS_ERROR_FAILURE: Component returned failure code: 0x80004005 (NS_ERROR_FAILURE) [nsIContentPermissionRequest.cancel]
Handler function DebuggerProgressListener.prototype.onStateChange threw an exception: [Exception... "Component returned failure code: 0x80004002 (NS_NOINTERFACE) [nsIWebProgress.DOMWindow]"  nsresult: "0x80004002 (NS_NOINTERFACE)"  location: "JS frame :: resource://devtools/shared/base-loader.js -> resource://devtools/server/actors/tab.js :: _docShellToWindow :: line 781"  data: no]
Stack: _docShellToWindow@resource://devtools/shared/base-loader.js -> resource://devtools/server/actors/tab.js:781:9
_docShellsToWindows/<@resource://devtools/shared/base-loader.js -> resource://devtools/server/actors/tab.js:805:38
_docShellsToWindows@resource://devtools/shared/base-loader.js -> resource://devtools/server/actors/tab.js:805:12
_notifyDocShellsUpdate@resource://devtools/shared/base-loader.js -> resource://devtools/server/actors/tab.js:809:19
DebuggerProgressListener.prototype.onStateChange<@resource://devtools/shared/base-loader.js -> resource://devtools/server/actors/tab.js:1664:7
exports.makeInfallible/<@resource://devtools/shared/base-loader.js -> resource://devtools/shared/ThreadSafeDevToolsUtils.js:109:14
Line: 781, column: 0
console.error: "Handler function DebuggerProgressListener.prototype.onStateChange threw an exception: [Exception... \"Component returned failure code: 0x80004002 (NS_NOINTERFACE) [nsIWebProgress.DOMWindow]\"  nsresult: \"0x80004002 (NS_NOINTERFACE)\"  location: \"JS frame :: resource://devtools/shared/base-loader.js -> resource://devtools/server/actors/tab.js :: _docShellToWindow :: line 781\"  data: no]\nStack: _docShellToWindow@resource://devtools/shared/base-loader.js -> resource://devtools/server/actors/tab.js:781:9\n_docShellsToWindows/<@resource://devtools/shared/base-loader.js -> resource://devtools/server/actors/tab.js:805:38\n_docShellsToWindows@resource://devtools/shared/base-loader.js -> resource://devtools/server/actors/tab.js:805:12\n_notifyDocShellsUpdate@resource://devtools/shared/base-loader.js -> resource://devtools/server/actors/tab.js:809:19\nDebuggerProgressListener.prototype.onStateChange<@resource://devtools/shared/base-loader.js -> resource://devtools/server/actors/tab.js:1664:7\nexports.makeInfallible/<@resource://devtools/shared/base-loader.js -> resource://devtools/shared/ThreadSafeDevToolsUtils.js:109:14\nLine: 781, column: 0"
Handler function DebuggerProgressListener.prototype.onStateChange threw an exception: [Exception... "Component returned failure code: 0x80004002 (NS_NOINTERFACE) [nsIWebProgress.DOMWindow]"  nsresult: "0x80004002 (NS_NOINTERFACE)"  location: "JS frame :: resource://devtools/shared/base-loader.js -> resource://devtools/server/actors/tab.js :: DebuggerProgressListener.prototype.onStateChange< :: line 1667"  data: no]
Stack: DebuggerProgressListener.prototype.onStateChange<@resource://devtools/shared/base-loader.js -> resource://devtools/server/actors/tab.js:1667:9
exports.makeInfallible/<@resource://devtools/shared/base-loader.js -> resource://devtools/shared/ThreadSafeDevToolsUtils.js:109:14
Line: 1667, column: 0
console.error: "Handler function DebuggerProgressListener.prototype.onStateChange threw an exception: [Exception... \"Component returned failure code: 0x80004002 (NS_NOINTERFACE) [nsIWebProgress.DOMWindow]\"  nsresult: \"0x80004002 (NS_NOINTERFACE)\"  location: \"JS frame :: resource://devtools/shared/base-loader.js -> resource://devtools/server/actors/tab.js :: DebuggerProgressListener.prototype.onStateChange< :: line 1667\"  data: no]\nStack: DebuggerProgressListener.prototype.onStateChange<@resource://devtools/shared/base-loader.js -> resource://devtools/server/actors/tab.js:1667:9\nexports.makeInfallible/<@resource://devtools/shared/base-loader.js -> resource://devtools/shared/ThreadSafeDevToolsUtils.js:109:14\nLine: 1667, column: 0"
Handler function DebuggerProgressListener.prototype.onStateChange threw an exception: [Exception... "Component returned failure code: 0x80004002 (NS_NOINTERFACE) [nsIWebProgress.DOMWindow]"  nsresult: "0x80004002 (NS_NOINTERFACE)"  location: "JS frame :: resource://devtools/shared/base-loader.js -> resource://devtools/server/actors/tab.js :: _docShellToWindow :: line 781"  data: no]
Stack: _docShellToWindow@resource://devtools/shared/base-loader.js -> resource://devtools/server/actors/tab.js:781:9
_docShellsToWindows/<@resource://devtools/shared/base-loader.js -> resource://devtools/server/actors/tab.js:805:38
_docShellsToWindows@resource://devtools/shared/base-loader.js -> resource://devtools/server/actors/tab.js:805:12
_notifyDocShellsUpdate@resource://devtools/shared/base-loader.js -> resource://devtools/server/actors/tab.js:809:19
DebuggerProgressListener.prototype.onStateChange<@resource://devtools/shared/base-loader.js -> resource://devtools/server/actors/tab.js:1664:7
exports.makeInfallible/<@resource://devtools/shared/base-loader.js -> resource://devtools/shared/ThreadSafeDevToolsUtils.js:109:14
Line: 781, column: 0
console.error: "Handler function DebuggerProgressListener.prototype.onStateChange threw an exception: [Exception... \"Component returned failure code: 0x80004002 (NS_NOINTERFACE) [nsIWebProgress.DOMWindow]\"  nsresult: \"0x80004002 (NS_NOINTERFACE)\"  location: \"JS frame :: resource://devtools/shared/base-loader.js -> resource://devtools/server/actors/tab.js :: _docShellToWindow :: line 781\"  data: no]\nStack: _docShellToWindow@resource://devtools/shared/base-loader.js -> resource://devtools/server/actors/tab.js:781:9\n_docShellsToWindows/<@resource://devtools/shared/base-loader.js -> resource://devtools/server/actors/tab.js:805:38\n_docShellsToWindows@resource://devtools/shared/base-loader.js -> resource://devtools/server/actors/tab.js:805:12\n_notifyDocShellsUpdate@resource://devtools/shared/base-loader.js -> resource://devtools/server/actors/tab.js:809:19\nDebuggerProgressListener.prototype.onStateChange<@resource://devtools/shared/base-loader.js -> resource://devtools/server/actors/tab.js:1664:7\nexports.makeInfallible/<@resource://devtools/shared/base-loader.js -> resource://devtools/shared/ThreadSafeDevToolsUtils.js:109:14\nLine: 781, column: 0"
Handler function DebuggerProgressListener.prototype.onStateChange threw an exception: [Exception... "Component returned failure code: 0x80004002 (NS_NOINTERFACE) [nsIWebProgress.DOMWindow]"  nsresult: "0x80004002 (NS_NOINTERFACE)"  location: "JS frame :: resource://devtools/shared/base-loader.js -> resource://devtools/server/actors/tab.js :: DebuggerProgressListener.prototype.onStateChange< :: line 1667"  data: no]
Stack: DebuggerProgressListener.prototype.onStateChange<@resource://devtools/shared/base-loader.js -> resource://devtools/server/actors/tab.js:1667:9
exports.makeInfallible/<@resource://devtools/shared/base-loader.js -> resource://devtools/shared/ThreadSafeDevToolsUtils.js:109:14
Line: 1667, column: 0
console.error: "Handler function DebuggerProgressListener.prototype.onStateChange threw an exception: [Exception... \"Component returned failure code: 0x80004002 (NS_NOINTERFACE) [nsIWebProgress.DOMWindow]\"  nsresult: \"0x80004002 (NS_NOINTERFACE)\"  location: \"JS frame :: resource://devtools/shared/base-loader.js -> resource://devtools/server/actors/tab.js :: DebuggerProgressListener.prototype.onStateChange< :: line 1667\"  data: no]\nStack: DebuggerProgressListener.prototype.onStateChange<@resource://devtools/shared/base-loader.js -> resource://devtools/server/actors/tab.js:1667:9\nexports.makeInfallible/<@resource://devtools/shared/base-loader.js -> resource://devtools/shared/ThreadSafeDevToolsUtils.js:109:14\nLine: 1667, column: 0"
JavaScript warning: https://vktarget.ru/js/vendor/jquery-1.11.3.min.js, line 1: Using //@ to indicate sourceMappingURL pragmas is deprecated. Use //# instead
Handler function DebuggerProgressListener.prototype.onStateChange threw an exception: [Exception... "Component returned failure code: 0x80004002 (NS_NOINTERFACE) [nsIWebProgress.DOMWindow]"  nsresult: "0x80004002 (NS_NOINTERFACE)"  location: "JS frame :: resource://devtools/shared/base-loader.js -> resource://devtools/server/actors/tab.js :: _docShellToWindow :: line 781"  data: no]
Stack: _docShellToWindow@resource://devtools/shared/base-loader.js -> resource://devtools/server/actors/tab.js:781:9
_docShellsToWindows/<@resource://devtools/shared/base-loader.js -> resource://devtools/server/actors/tab.js:805:38
_docShellsToWindows@resource://devtools/shared/base-loader.js -> resource://devtools/server/actors/tab.js:805:12
_notifyDocShellsUpdate@resource://devtools/shared/base-loader.js -> resource://devtools/server/actors/tab.js:809:19
DebuggerProgressListener.prototype.onStateChange<@resource://devtools/shared/base-loader.js -> resource://devtools/server/actors/tab.js:1664:7
exports.makeInfallible/<@resource://devtools/shared/base-loader.js -> resource://devtools/shared/ThreadSafeDevToolsUtils.js:109:14
Line: 781, column: 0
console.error: "Handler function DebuggerProgressListener.prototype.onStateChange threw an exception: [Exception... \"Component returned failure code: 0x80004002 (NS_NOINTERFACE) [nsIWebProgress.DOMWindow]\"  nsresult: \"0x80004002 (NS_NOINTERFACE)\"  location: \"JS frame :: resource://devtools/shared/base-loader.js -> resource://devtools/server/actors/tab.js :: _docShellToWindow :: line 781\"  data: no]\nStack: _docShellToWindow@resource://devtools/shared/base-loader.js -> resource://devtools/server/actors/tab.js:781:9\n_docShellsToWindows/<@resource://devtools/shared/base-loader.js -> resource://devtools/server/actors/tab.js:805:38\n_docShellsToWindows@resource://devtools/shared/base-loader.js -> resource://devtools/server/actors/tab.js:805:12\n_notifyDocShellsUpdate@resource://devtools/shared/base-loader.js -> resource://devtools/server/actors/tab.js:809:19\nDebuggerProgressListener.prototype.onStateChange<@resource://devtools/shared/base-loader.js -> resource://devtools/server/actors/tab.js:1664:7\nexports.makeInfallible/<@resource://devtools/shared/base-loader.js -> resource://devtools/shared/ThreadSafeDevToolsUtils.js:109:14\nLine: 781, column: 0"
Handler function DebuggerProgressListener.prototype.onStateChange threw an exception: [Exception... "Component returned failure code: 0x80004002 (NS_NOINTERFACE) [nsIWebProgress.DOMWindow]"  nsresult: "0x80004002 (NS_NOINTERFACE)"  location: "JS frame :: resource://devtools/shared/base-loader.js -> resource://devtools/server/actors/tab.js :: DebuggerProgressListener.prototype.onStateChange< :: line 1667"  data: no]
Stack: DebuggerProgressListener.prototype.onStateChange<@resource://devtools/shared/base-loader.js -> resource://devtools/server/actors/tab.js:1667:9
exports.makeInfallible/<@resource://devtools/shared/base-loader.js -> resource://devtools/shared/ThreadSafeDevToolsUtils.js:109:14
Line: 1667, column: 0
console.error: "Handler function DebuggerProgressListener.prototype.onStateChange threw an exception: [Exception... \"Component returned failure code: 0x80004002 (NS_NOINTERFACE) [nsIWebProgress.DOMWindow]\"  nsresult: \"0x80004002 (NS_NOINTERFACE)\"  location: \"JS frame :: resource://devtools/shared/base-loader.js -> resource://devtools/server/actors/tab.js :: DebuggerProgressListener.prototype.onStateChange< :: line 1667\"  data: no]\nStack: DebuggerProgressListener.prototype.onStateChange<@resource://devtools/shared/base-loader.js -> resource://devtools/server/actors/tab.js:1667:9\nexports.makeInfallible/<@resource://devtools/shared/base-loader.js -> resource://devtools/shared/ThreadSafeDevToolsUtils.js:109:14\nLine: 1667, column: 0"
Handler function DebuggerProgressListener.prototype.onStateChange threw an exception: [Exception... "Component returned failure code: 0x80004002 (NS_NOINTERFACE) [nsIWebProgress.DOMWindow]"  nsresult: "0x80004002 (NS_NOINTERFACE)"  location: "JS frame :: resource://devtools/shared/base-loader.js -> resource://devtools/server/actors/tab.js :: _docShellToWindow :: line 781"  data: no]
Stack: _docShellToWindow@resource://devtools/shared/base-loader.js -> resource://devtools/server/actors/tab.js:781:9
_docShellsToWindows/<@resource://devtools/shared/base-loader.js -> resource://devtools/server/actors/tab.js:805:38
_docShellsToWindows@resource://devtools/shared/base-loader.js -> resource://devtools/server/actors/tab.js:805:12
_notifyDocShellsUpdate@resource://devtools/shared/base-loader.js -> resource://devtools/server/actors/tab.js:809:19
DebuggerProgressListener.prototype.onStateChange<@resource://devtools/shared/base-loader.js -> resource://devtools/server/actors/tab.js:1664:7
exports.makeInfallible/<@resource://devtools/shared/base-loader.js -> resource://devtools/shared/ThreadSafeDevToolsUtils.js:109:14
Line: 781, column: 0
console.error: "Handler function DebuggerProgressListener.prototype.onStateChange threw an exception: [Exception... \"Component returned failure code: 0x80004002 (NS_NOINTERFACE) [nsIWebProgress.DOMWindow]\"  nsresult: \"0x80004002 (NS_NOINTERFACE)\"  location: \"JS frame :: resource://devtools/shared/base-loader.js -> resource://devtools/server/actors/tab.js :: _docShellToWindow :: line 781\"  data: no]\nStack: _docShellToWindow@resource://devtools/shared/base-loader.js -> resource://devtools/server/actors/tab.js:781:9\n_docShellsToWindows/<@resource://devtools/shared/base-loader.js -> resource://devtools/server/actors/tab.js:805:38\n_docShellsToWindows@resource://devtools/shared/base-loader.js -> resource://devtools/server/actors/tab.js:805:12\n_notifyDocShellsUpdate@resource://devtools/shared/base-loader.js -> resource://devtools/server/actors/tab.js:809:19\nDebuggerProgressListener.prototype.onStateChange<@resource://devtools/shared/base-loader.js -> resource://devtools/server/actors/tab.js:1664:7\nexports.makeInfallible/<@resource://devtools/shared/base-loader.js -> resource://devtools/shared/ThreadSafeDevToolsUtils.js:109:14\nLine: 781, column: 0"
Handler function DebuggerProgressListener.prototype.onStateChange threw an exception: [Exception... "Component returned failure code: 0x80004002 (NS_NOINTERFACE) [nsIWebProgress.DOMWindow]"  nsresult: "0x80004002 (NS_NOINTERFACE)"  location: "JS frame :: resource://devtools/shared/base-loader.js -> resource://devtools/server/actors/tab.js :: DebuggerProgressListener.prototype.onStateChange< :: line 1667"  data: no]
Stack: DebuggerProgressListener.prototype.onStateChange<@resource://devtools/shared/base-loader.js -> resource://devtools/server/actors/tab.js:1667:9
exports.makeInfallible/<@resource://devtools/shared/base-loader.js -> resource://devtools/shared/ThreadSafeDevToolsUtils.js:109:14
Line: 1667, column: 0
console.error: "Handler function DebuggerProgressListener.prototype.onStateChange threw an exception: [Exception... \"Component returned failure code: 0x80004002 (NS_NOINTERFACE) [nsIWebProgress.DOMWindow]\"  nsresult: \"0x80004002 (NS_NOINTERFACE)\"  location: \"JS frame :: resource://devtools/shared/base-loader.js -> resource://devtools/server/actors/tab.js :: DebuggerProgressListener.prototype.onStateChange< :: line 1667\"  data: no]\nStack: DebuggerProgressListener.prototype.onStateChange<@resource://devtools/shared/base-loader.js -> resource://devtools/server/actors/tab.js:1667:9\nexports.makeInfallible/<@resource://devtools/shared/base-loader.js -> resource://devtools/shared/ThreadSafeDevToolsUtils.js:109:14\nLine: 1667, column: 0"
